# JRE version: Java(TM) SE Runtime Environment (21.0.1+12) (build 21.0.1+12-LTS-29)
# Java VM: Java HotSpot(TM) 64-Bit Server VM (21.0.1+12-LTS-29, mixed mode, sharing, tiered, compressed oops, compressed class ptrs, g1 gc, windows-amd64)
GC Precious Log:
 CardTable entry size: 512
 Card Set container configuration: InlinePtr #cards 5 size 8 Array Of Cards #cards 12 size 40 Howl #buckets 4 coarsen threshold 1843 Howl Bitmap #cards 512 size 80 coarsen threshold 460 Card regions per heap region 1 cards per card region 2048
 CPUs: 8 total, 8 available
 Memory: 8043M
 Large Page Support: Disabled
 NUMA Support: Disabled
 Compressed Oops: Enabled (32-bit)
 Heap Region Size: 1M
 Heap Min Capacity: 8M
 Heap Initial Capacity: 126M
 Heap Max Capacity: 2G
 Pre-touch: Disabled
 Parallel Workers: 8
 Concurrent Workers: 2
 Concurrent Refinement Workers: 8
 Periodic GC: Disabled
Heap:
 garbage-first heap   total 464896K, used 196085K [0x0000000080000000, 0x0000000100000000)
  region size 1024K, 7 young (7168K), 7 survivors (7168K)
 Metaspace       used 127354K, committed 129664K, reserved 1179648K
  class space    used 17956K, committed 19072K, reserved 1048576K
GC Heap History (20 events):
Event: 52.523 GC heap after
{Heap after GC invocations=43 (full 0):
 garbage-first heap   total 220160K, used 125393K [0x0000000080000000, 0x0000000100000000)
  region size 1024K, 4 young (4096K), 4 survivors (4096K)
 Metaspace       used 106967K, committed 109120K, reserved 1179648K
  class space    used 14789K, committed 15872K, reserved 1048576K
}
Event: 54.076 GC heap before
{Heap before GC invocations=43 (full 0):
 garbage-first heap   total 220160K, used 202193K [0x0000000080000000, 0x0000000100000000)
  region size 1024K, 80 young (81920K), 4 survivors (4096K)
 Metaspace       used 107557K, committed 109824K, reserved 1179648K
  class space    used 14874K, committed 16000K, reserved 1048576K
}
Event: 54.090 GC heap after
{Heap after GC invocations=44 (full 0):
 garbage-first heap   total 220160K, used 124573K [0x0000000080000000, 0x0000000100000000)
  region size 1024K, 4 young (4096K), 4 survivors (4096K)
 Metaspace       used 107557K, committed 109824K, reserved 1179648K
  class space    used 14874K, committed 16000K, reserved 1048576K
}
Event: 55.610 GC heap before
{Heap before GC invocations=44 (full 0):
 garbage-first heap   total 220160K, used 202397K [0x0000000080000000, 0x0000000100000000)
  region size 1024K, 81 young (82944K), 4 survivors (4096K)
 Metaspace       used 109168K, committed 111360K, reserved 1179648K
  class space    used 15094K, committed 16192K, reserved 1048576K
}
Event: 55.636 GC heap after
{Heap after GC invocations=45 (full 0):
 garbage-first heap   total 220160K, used 132833K [0x0000000080000000, 0x0000000100000000)
  region size 1024K, 11 young (11264K), 11 survivors (11264K)
 Metaspace       used 109168K, committed 111360K, reserved 1179648K
  class space    used 15094K, committed 16192K, reserved 1048576K
}
Event: 58.277 GC heap before
{Heap before GC invocations=46 (full 0):
 garbage-first heap   total 247808K, used 194273K [0x0000000080000000, 0x0000000100000000)
  region size 1024K, 72 young (73728K), 11 survivors (11264K)
 Metaspace       used 113126K, committed 115392K, reserved 1179648K
  class space    used 15709K, committed 16832K, reserved 1048576K
}
Event: 58.346 GC heap after
{Heap after GC invocations=47 (full 0):
 garbage-first heap   total 247808K, used 140503K [0x0000000080000000, 0x0000000100000000)
  region size 1024K, 8 young (8192K), 8 survivors (8192K)
 Metaspace       used 113126K, committed 115392K, reserved 1179648K
  class space    used 15709K, committed 16832K, reserved 1048576K
}
Event: 60.255 GC heap before
{Heap before GC invocations=47 (full 0):
 garbage-first heap   total 247808K, used 223447K [0x0000000080000000, 0x0000000100000000)
  region size 1024K, 90 young (92160K), 8 survivors (8192K)
 Metaspace       used 116747K, committed 118976K, reserved 1179648K
  class space    used 16257K, committed 17344K, reserved 1048576K
}
Event: 60.281 GC heap after
{Heap after GC invocations=48 (full 0):
 garbage-first heap   total 247808K, used 151413K [0x0000000080000000, 0x0000000100000000)
  region size 1024K, 12 young (12288K), 12 survivors (12288K)
 Metaspace       used 116747K, committed 118976K, reserved 1179648K
  class space    used 16257K, committed 17344K, reserved 1048576K
}
Event: 61.104 GC heap before
{Heap before GC invocations=48 (full 0):
 garbage-first heap   total 247808K, used 221045K [0x0000000080000000, 0x0000000100000000)
  region size 1024K, 81 young (82944K), 12 survivors (12288K)
 Metaspace       used 119516K, committed 121792K, reserved 1179648K
  class space    used 16817K, committed 17920K, reserved 1048576K
}
Event: 61.127 GC heap after
{Heap after GC invocations=49 (full 0):
 garbage-first heap   total 247808K, used 161082K [0x0000000080000000, 0x0000000100000000)
  region size 1024K, 10 young (10240K), 10 survivors (10240K)
 Metaspace       used 119516K, committed 121792K, reserved 1179648K
  class space    used 16817K, committed 17920K, reserved 1048576K
}
Event: 62.635 GC heap before
{Heap before GC invocations=49 (full 0):
 garbage-first heap   total 326656K, used 218426K [0x0000000080000000, 0x0000000100000000)
  region size 1024K, 67 young (68608K), 10 survivors (10240K)
 Metaspace       used 120642K, committed 122944K, reserved 1179648K
  class space    used 17036K, committed 18176K, reserved 1048576K
}
Event: 62.674 GC heap after
{Heap after GC invocations=50 (full 0):
 garbage-first heap   total 326656K, used 169943K [0x0000000080000000, 0x0000000100000000)
  region size 1024K, 9 young (9216K), 9 survivors (9216K)
 Metaspace       used 120642K, committed 122944K, reserved 1179648K
  class space    used 17036K, committed 18176K, reserved 1048576K
}
Event: 65.233 GC heap before
{Heap before GC invocations=51 (full 0):
 garbage-first heap   total 326656K, used 280535K [0x0000000080000000, 0x0000000100000000)
  region size 1024K, 118 young (120832K), 9 survivors (9216K)
 Metaspace       used 124631K, committed 126912K, reserved 1179648K
  class space    used 17628K, committed 18752K, reserved 1048576K
}
Event: 65.270 GC heap after
{Heap after GC invocations=52 (full 0):
 garbage-first heap   total 326656K, used 179200K [0x0000000080000000, 0x0000000100000000)
  region size 1024K, 15 young (15360K), 15 survivors (15360K)
 Metaspace       used 124631K, committed 126912K, reserved 1179648K
  class space    used 17628K, committed 18752K, reserved 1048576K
}
Event: 68.139 GC heap before
{Heap before GC invocations=52 (full 0):
 garbage-first heap   total 326656K, used 286720K [0x0000000080000000, 0x0000000100000000)
  region size 1024K, 121 young (123904K), 15 survivors (15360K)
 Metaspace       used 126747K, committed 129024K, reserved 1179648K
  class space    used 17862K, committed 18944K, reserved 1048576K
}
Event: 68.215 GC heap after
{Heap after GC invocations=53 (full 0):
 garbage-first heap   total 326656K, used 181571K [0x0000000080000000, 0x0000000100000000)
  region size 1024K, 3 young (3072K), 3 survivors (3072K)
 Metaspace       used 126747K, committed 129024K, reserved 1179648K
  class space    used 17862K, committed 18944K, reserved 1048576K
}
Event: 69.473 GC heap before
{Heap before GC invocations=53 (full 0):
 garbage-first heap   total 326656K, used 293187K [0x0000000080000000, 0x0000000100000000)
  region size 1024K, 113 young (115712K), 3 survivors (3072K)
 Metaspace       used 127190K, committed 129472K, reserved 1179648K
  class space    used 17947K, committed 19072K, reserved 1048576K
}
Event: 69.505 GC heap after
{Heap after GC invocations=54 (full 0):
 garbage-first heap   total 326656K, used 190752K [0x0000000080000000, 0x0000000100000000)
  region size 1024K, 12 young (12288K), 12 survivors (12288K)
 Metaspace       used 127190K, committed 129472K, reserved 1179648K
  class space    used 17947K, committed 19072K, reserved 1048576K
}
Event: 73.334 GC heap before
{Heap before GC invocations=54 (full 0):
 garbage-first heap   total 464896K, used 288032K [0x0000000080000000, 0x0000000100000000)
  region size 1024K, 108 young (110592K), 12 survivors (12288K)
 Metaspace       used 127354K, committed 129664K, reserved 1179648K
  class space    used 17956K, committed 19072K, reserved 1048576K
}

