# JRE version: Java(TM) SE Runtime Environment (21.0.1+12) (build 21.0.1+12-LTS-29)
# Java VM: Java HotSpot(TM) 64-Bit Server VM (21.0.1+12-LTS-29, mixed mode, sharing, tiered, compressed oops, compressed class ptrs, g1 gc, windows-amd64)
GC Precious Log:
 CardTable entry size: 512
 Card Set container configuration: InlinePtr #cards 5 size 8 Array Of Cards #cards 12 size 40 Howl #buckets 4 coarsen threshold 1843 Howl Bitmap #cards 512 size 80 coarsen threshold 460 Card regions per heap region 1 cards per card region 2048
 CPUs: 8 total, 8 available
 Memory: 8043M
 Large Page Support: Disabled
 NUMA Support: Disabled
 Compressed Oops: Enabled (32-bit)
 Heap Region Size: 1M
 Heap Min Capacity: 8M
 Heap Initial Capacity: 126M
 Heap Max Capacity: 2G
 Pre-touch: Disabled
 Parallel Workers: 8
 Concurrent Workers: 2
 Concurrent Refinement Workers: 8
 Periodic GC: Disabled
Heap:
 garbage-first heap   total 473088K, used 443675K [0x0000000080000000, 0x0000000100000000)
  region size 1024K, 248 young (253952K), 2 survivors (2048K)
 Metaspace       used 183056K, committed 184512K, reserved 1245184K
  class space    used 22563K, committed 23232K, reserved 1048576K
GC Heap History (20 events):
Event: 6226.619 GC heap before
{Heap before GC invocations=68 (full 0):
 garbage-first heap   total 358400K, used 321771K [0x0000000080000000, 0x0000000100000000)
  region size 1024K, 104 young (106496K), 4 survivors (4096K)
 Metaspace       used 171186K, committed 172608K, reserved 1245184K
  class space    used 21546K, committed 22272K, reserved 1048576K
}
Event: 6226.684 GC heap after
{Heap after GC invocations=69 (full 0):
 garbage-first heap   total 358400K, used 225811K [0x0000000080000000, 0x0000000100000000)
  region size 1024K, 12 young (12288K), 12 survivors (12288K)
 Metaspace       used 171186K, committed 172608K, reserved 1245184K
  class space    used 21546K, committed 22272K, reserved 1048576K
}
Event: 6245.330 GC heap before
{Heap before GC invocations=69 (full 0):
 garbage-first heap   total 358400K, used 330259K [0x0000000080000000, 0x0000000100000000)
  region size 1024K, 110 young (112640K), 12 survivors (12288K)
 Metaspace       used 173300K, committed 174720K, reserved 1245184K
  class space    used 21645K, committed 22336K, reserved 1048576K
}
Event: 6245.514 GC heap after
{Heap after GC invocations=70 (full 0):
 garbage-first heap   total 362496K, used 231139K [0x0000000080000000, 0x0000000100000000)
  region size 1024K, 9 young (9216K), 9 survivors (9216K)
 Metaspace       used 173300K, committed 174720K, reserved 1245184K
  class space    used 21645K, committed 22336K, reserved 1048576K
}
Event: 6247.162 GC heap before
{Heap before GC invocations=70 (full 0):
 garbage-first heap   total 362496K, used 330467K [0x0000000080000000, 0x0000000100000000)
  region size 1024K, 107 young (109568K), 9 survivors (9216K)
 Metaspace       used 173542K, committed 175040K, reserved 1245184K
  class space    used 21670K, committed 22400K, reserved 1048576K
}
Event: 6247.218 GC heap after
{Heap after GC invocations=71 (full 0):
 garbage-first heap   total 362496K, used 231744K [0x0000000080000000, 0x0000000100000000)
  region size 1024K, 2 young (2048K), 2 survivors (2048K)
 Metaspace       used 173542K, committed 175040K, reserved 1245184K
  class space    used 21670K, committed 22400K, reserved 1048576K
}
Event: 6250.460 GC heap before
{Heap before GC invocations=71 (full 0):
 garbage-first heap   total 362496K, used 335168K [0x0000000080000000, 0x0000000100000000)
  region size 1024K, 104 young (106496K), 2 survivors (2048K)
 Metaspace       used 173625K, committed 175104K, reserved 1245184K
  class space    used 21672K, committed 22400K, reserved 1048576K
}
Event: 6250.491 GC heap after
{Heap after GC invocations=72 (full 0):
 garbage-first heap   total 464896K, used 231412K [0x0000000080000000, 0x0000000100000000)
  region size 1024K, 2 young (2048K), 2 survivors (2048K)
 Metaspace       used 173625K, committed 175104K, reserved 1245184K
  class space    used 21672K, committed 22400K, reserved 1048576K
}
Event: 6265.195 GC heap before
{Heap before GC invocations=73 (full 0):
 garbage-first heap   total 464896K, used 386036K [0x0000000080000000, 0x0000000100000000)
  region size 1024K, 185 young (189440K), 2 survivors (2048K)
 Metaspace       used 173563K, committed 175168K, reserved 1245184K
  class space    used 21629K, committed 22400K, reserved 1048576K
}
Event: 6265.230 GC heap after
{Heap after GC invocations=74 (full 0):
 garbage-first heap   total 464896K, used 202423K [0x0000000080000000, 0x0000000100000000)
  region size 1024K, 4 young (4096K), 4 survivors (4096K)
 Metaspace       used 173563K, committed 175168K, reserved 1245184K
  class space    used 21629K, committed 22400K, reserved 1048576K
}
Event: 6278.784 GC heap before
{Heap before GC invocations=74 (full 0):
 garbage-first heap   total 464896K, used 434871K [0x0000000080000000, 0x0000000100000000)
  region size 1024K, 232 young (237568K), 4 survivors (4096K)
 Metaspace       used 175962K, committed 177408K, reserved 1245184K
  class space    used 21867K, committed 22592K, reserved 1048576K
}
Event: 6279.030 GC heap after
{Heap after GC invocations=75 (full 0):
 garbage-first heap   total 473088K, used 188199K [0x0000000080000000, 0x0000000100000000)
  region size 1024K, 29 young (29696K), 29 survivors (29696K)
 Metaspace       used 175962K, committed 177408K, reserved 1245184K
  class space    used 21867K, committed 22592K, reserved 1048576K
}
Event: 6286.077 GC heap before
{Heap before GC invocations=75 (full 0):
 garbage-first heap   total 473088K, used 434983K [0x0000000080000000, 0x0000000100000000)
  region size 1024K, 254 young (260096K), 29 survivors (29696K)
 Metaspace       used 181132K, committed 182592K, reserved 1245184K
  class space    used 22334K, committed 23040K, reserved 1048576K
}
Event: 6286.683 GC heap after
{Heap after GC invocations=76 (full 0):
 garbage-first heap   total 473088K, used 186787K [0x0000000080000000, 0x0000000100000000)
  region size 1024K, 6 young (6144K), 6 survivors (6144K)
 Metaspace       used 181132K, committed 182592K, reserved 1245184K
  class space    used 22334K, committed 23040K, reserved 1048576K
}
Event: 6293.738 GC heap before
{Heap before GC invocations=76 (full 0):
 garbage-first heap   total 473088K, used 433571K [0x0000000080000000, 0x0000000100000000)
  region size 1024K, 248 young (253952K), 6 survivors (6144K)
 Metaspace       used 183051K, committed 184448K, reserved 1245184K
  class space    used 22562K, committed 23232K, reserved 1048576K
}
Event: 6293.833 GC heap after
{Heap after GC invocations=77 (full 0):
 garbage-first heap   total 473088K, used 192419K [0x0000000080000000, 0x0000000100000000)
  region size 1024K, 11 young (11264K), 11 survivors (11264K)
 Metaspace       used 183051K, committed 184448K, reserved 1245184K
  class space    used 22562K, committed 23232K, reserved 1048576K
}
Event: 6302.757 GC heap before
{Heap before GC invocations=78 (full 0):
 garbage-first heap   total 473088K, used 436131K [0x0000000080000000, 0x0000000100000000)
  region size 1024K, 250 young (256000K), 11 survivors (11264K)
 Metaspace       used 183056K, committed 184512K, reserved 1245184K
  class space    used 22563K, committed 23232K, reserved 1048576K
}
Event: 6302.845 GC heap after
{Heap after GC invocations=79 (full 0):
 garbage-first heap   total 473088K, used 192419K [0x0000000080000000, 0x0000000100000000)
  region size 1024K, 11 young (11264K), 11 survivors (11264K)
 Metaspace       used 183056K, committed 184512K, reserved 1245184K
  class space    used 22563K, committed 23232K, reserved 1048576K
}
Event: 6303.202 GC heap before
{Heap before GC invocations=79 (full 0):
 garbage-first heap   total 473088K, used 203683K [0x0000000080000000, 0x0000000100000000)
  region size 1024K, 23 young (23552K), 11 survivors (11264K)
 Metaspace       used 183056K, committed 184512K, reserved 1245184K
  class space    used 22563K, committed 23232K, reserved 1048576K
}
Event: 6303.235 GC heap after
{Heap after GC invocations=80 (full 0):
 garbage-first heap   total 473088K, used 191771K [0x0000000080000000, 0x0000000100000000)
  region size 1024K, 2 young (2048K), 2 survivors (2048K)
 Metaspace       used 183056K, committed 184512K, reserved 1245184K
  class space    used 22563K, committed 23232K, reserved 1048576K
}

