# JRE version: OpenJDK Runtime Environment (17.0.10) (build 17.0.10+0--11609105)
# Java VM: OpenJDK 64-Bit Server VM (17.0.10+0--11609105, mixed mode, tiered, compressed oops, compressed class ptrs, g1 gc, windows-amd64)
GC Precious Log:
 CPUs: 8 total, 8 available
 Memory: 8043M
 Large Page Support: Disabled
 NUMA Support: Disabled
 Compressed Oops: Enabled (32-bit)
 Heap Region Size: 1M
 Heap Min Capacity: 8M
 Heap Initial Capacity: 126M
 Heap Max Capacity: 2012M
 Pre-touch: Disabled
 Parallel Workers: 8
 Concurrent Workers: 2
 Concurrent Refinement Workers: 8
 Periodic GC: Disabled
Heap:
 garbage-first heap   total 135168K, used 81251K [0x0000000082400000, 0x0000000100000000)
  region size 1024K, 2 young (2048K), 2 survivors (2048K)
 Metaspace       used 76831K, committed 77184K, reserved 1179648K
  class space    used 8545K, committed 8704K, reserved 1048576K
GC Heap History (20 events):
Event: 32.037 GC heap after
{Heap after GC invocations=21 (full 0):
 garbage-first heap   total 100352K, used 49727K [0x0000000082400000, 0x0000000100000000)
  region size 1024K, 5 young (5120K), 5 survivors (5120K)
 Metaspace       used 56634K, committed 56896K, reserved 1114112K
  class space    used 6633K, committed 6720K, reserved 1048576K
}
Event: 33.250 GC heap before
{Heap before GC invocations=21 (full 0):
 garbage-first heap   total 100352K, used 77375K [0x0000000082400000, 0x0000000100000000)
  region size 1024K, 32 young (32768K), 5 survivors (5120K)
 Metaspace       used 58499K, committed 58688K, reserved 1114112K
  class space    used 6802K, committed 6912K, reserved 1048576K
}
Event: 33.267 GC heap after
{Heap after GC invocations=22 (full 0):
 garbage-first heap   total 100352K, used 53812K [0x0000000082400000, 0x0000000100000000)
  region size 1024K, 4 young (4096K), 4 survivors (4096K)
 Metaspace       used 58499K, committed 58688K, reserved 1114112K
  class space    used 6802K, committed 6912K, reserved 1048576K
}
Event: 33.658 GC heap before
{Heap before GC invocations=22 (full 0):
 garbage-first heap   total 100352K, used 68148K [0x0000000082400000, 0x0000000100000000)
  region size 1024K, 19 young (19456K), 4 survivors (4096K)
 Metaspace       used 59104K, committed 59328K, reserved 1114112K
  class space    used 6831K, committed 6912K, reserved 1048576K
}
Event: 33.673 GC heap after
{Heap after GC invocations=23 (full 0):
 garbage-first heap   total 100352K, used 57344K [0x0000000082400000, 0x0000000100000000)
  region size 1024K, 4 young (4096K), 4 survivors (4096K)
 Metaspace       used 59104K, committed 59328K, reserved 1114112K
  class space    used 6831K, committed 6912K, reserved 1048576K
}
Event: 34.111 GC heap before
{Heap before GC invocations=24 (full 0):
 garbage-first heap   total 112640K, used 78848K [0x0000000082400000, 0x0000000100000000)
  region size 1024K, 24 young (24576K), 4 survivors (4096K)
 Metaspace       used 59339K, committed 59648K, reserved 1114112K
  class space    used 6845K, committed 6976K, reserved 1048576K
}
Event: 34.122 GC heap after
{Heap after GC invocations=25 (full 0):
 garbage-first heap   total 112640K, used 59904K [0x0000000082400000, 0x0000000100000000)
  region size 1024K, 3 young (3072K), 3 survivors (3072K)
 Metaspace       used 59339K, committed 59648K, reserved 1114112K
  class space    used 6845K, committed 6976K, reserved 1048576K
}
Event: 34.631 GC heap before
{Heap before GC invocations=25 (full 0):
 garbage-first heap   total 112640K, used 61952K [0x0000000082400000, 0x0000000100000000)
  region size 1024K, 5 young (5120K), 3 survivors (3072K)
 Metaspace       used 59576K, committed 59840K, reserved 1114112K
  class space    used 6845K, committed 6976K, reserved 1048576K
}
Event: 34.648 GC heap after
{Heap after GC invocations=26 (full 0):
 garbage-first heap   total 135168K, used 60010K [0x0000000082400000, 0x0000000100000000)
  region size 1024K, 1 young (1024K), 1 survivors (1024K)
 Metaspace       used 59576K, committed 59840K, reserved 1114112K
  class space    used 6845K, committed 6976K, reserved 1048576K
}
Event: 40.960 GC heap before
{Heap before GC invocations=26 (full 0):
 garbage-first heap   total 135168K, used 101994K [0x0000000082400000, 0x0000000100000000)
  region size 1024K, 42 young (43008K), 1 survivors (1024K)
 Metaspace       used 60933K, committed 61184K, reserved 1114112K
  class space    used 6905K, committed 7040K, reserved 1048576K
}
Event: 40.996 GC heap after
{Heap after GC invocations=27 (full 0):
 garbage-first heap   total 135168K, used 63997K [0x0000000082400000, 0x0000000100000000)
  region size 1024K, 5 young (5120K), 5 survivors (5120K)
 Metaspace       used 60933K, committed 61184K, reserved 1114112K
  class space    used 6905K, committed 7040K, reserved 1048576K
}
Event: 43.859 GC heap before
{Heap before GC invocations=27 (full 0):
 garbage-first heap   total 135168K, used 102909K [0x0000000082400000, 0x0000000100000000)
  region size 1024K, 43 young (44032K), 5 survivors (5120K)
 Metaspace       used 66830K, committed 67200K, reserved 1114112K
  class space    used 7489K, committed 7680K, reserved 1048576K
}
Event: 43.878 GC heap after
{Heap after GC invocations=28 (full 0):
 garbage-first heap   total 135168K, used 67356K [0x0000000082400000, 0x0000000100000000)
  region size 1024K, 4 young (4096K), 4 survivors (4096K)
 Metaspace       used 66830K, committed 67200K, reserved 1114112K
  class space    used 7489K, committed 7680K, reserved 1048576K
}
Event: 45.397 GC heap before
{Heap before GC invocations=28 (full 0):
 garbage-first heap   total 135168K, used 105244K [0x0000000082400000, 0x0000000100000000)
  region size 1024K, 41 young (41984K), 4 survivors (4096K)
 Metaspace       used 70681K, committed 71040K, reserved 1114112K
  class space    used 7904K, committed 8064K, reserved 1048576K
}
Event: 45.424 GC heap after
{Heap after GC invocations=29 (full 0):
 garbage-first heap   total 135168K, used 73330K [0x0000000082400000, 0x0000000100000000)
  region size 1024K, 6 young (6144K), 6 survivors (6144K)
 Metaspace       used 70681K, committed 71040K, reserved 1114112K
  class space    used 7904K, committed 8064K, reserved 1048576K
}
Event: 46.981 GC heap before
{Heap before GC invocations=30 (full 0):
 garbage-first heap   total 135168K, used 107122K [0x0000000082400000, 0x0000000100000000)
  region size 1024K, 39 young (39936K), 6 survivors (6144K)
 Metaspace       used 71752K, committed 72064K, reserved 1114112K
  class space    used 7985K, committed 8128K, reserved 1048576K
}
Event: 47.040 GC heap after
{Heap after GC invocations=31 (full 0):
 garbage-first heap   total 135168K, used 79455K [0x0000000082400000, 0x0000000100000000)
  region size 1024K, 5 young (5120K), 5 survivors (5120K)
 Metaspace       used 71752K, committed 72064K, reserved 1114112K
  class space    used 7985K, committed 8128K, reserved 1048576K
}
Event: 47.148 GC heap before
{Heap before GC invocations=31 (full 0):
 garbage-first heap   total 135168K, used 80479K [0x0000000082400000, 0x0000000100000000)
  region size 1024K, 6 young (6144K), 5 survivors (5120K)
 Metaspace       used 71787K, committed 72192K, reserved 1114112K
  class space    used 7991K, committed 8192K, reserved 1048576K
}
Event: 47.195 GC heap after
{Heap after GC invocations=32 (full 0):
 garbage-first heap   total 135168K, used 80251K [0x0000000082400000, 0x0000000100000000)
  region size 1024K, 1 young (1024K), 1 survivors (1024K)
 Metaspace       used 71787K, committed 72192K, reserved 1114112K
  class space    used 7991K, committed 8192K, reserved 1048576K
}
Event: 48.337 GC heap before
{Heap before GC invocations=32 (full 0):
 garbage-first heap   total 135168K, used 107899K [0x0000000082400000, 0x0000000100000000)
  region size 1024K, 28 young (28672K), 1 survivors (1024K)
 Metaspace       used 76831K, committed 77184K, reserved 1179648K
  class space    used 8545K, committed 8704K, reserved 1048576K
}

