# JRE version: OpenJDK Runtime Environment (17.0.10) (build 17.0.10+0--11609105)
# Java VM: OpenJDK 64-Bit Server VM (17.0.10+0--11609105, mixed mode, tiered, compressed oops, compressed class ptrs, g1 gc, windows-amd64)
GC Precious Log:
 CPUs: 8 total, 8 available
 Memory: 8043M
 Large Page Support: Disabled
 NUMA Support: Disabled
 Compressed Oops: Enabled (32-bit)
 Heap Region Size: 1M
 Heap Min Capacity: 8M
 Heap Initial Capacity: 126M
 Heap Max Capacity: 2G
 Pre-touch: Disabled
 Parallel Workers: 8
 Concurrent Workers: 2
 Concurrent Refinement Workers: 8
 Periodic GC: Disabled
Heap:
 garbage-first heap   total 373760K, used 163420K [0x0000000080000000, 0x0000000100000000)
  region size 1024K, 22 young (22528K), 7 survivors (7168K)
 Metaspace       used 114456K, committed 115264K, reserved 1179648K
  class space    used 15352K, committed 15744K, reserved 1048576K
GC Heap History (20 events):
Event: 164.905 GC heap before
{Heap before GC invocations=76 (full 0):
 garbage-first heap   total 311296K, used 268104K [0x0000000080000000, 0x0000000100000000)
  region size 1024K, 129 young (132096K), 5 survivors (5120K)
 Metaspace       used 114340K, committed 115200K, reserved 1179648K
  class space    used 15349K, committed 15744K, reserved 1048576K
}
Event: 164.922 GC heap after
{Heap after GC invocations=77 (full 0):
 garbage-first heap   total 311296K, used 143368K [0x0000000080000000, 0x0000000100000000)
  region size 1024K, 6 young (6144K), 6 survivors (6144K)
 Metaspace       used 114340K, committed 115200K, reserved 1179648K
  class space    used 15349K, committed 15744K, reserved 1048576K
}
Event: 169.088 GC heap before
{Heap before GC invocations=77 (full 0):
 garbage-first heap   total 311296K, used 268296K [0x0000000080000000, 0x0000000100000000)
  region size 1024K, 129 young (132096K), 6 survivors (6144K)
 Metaspace       used 114350K, committed 115200K, reserved 1179648K
  class space    used 15349K, committed 15744K, reserved 1048576K
}
Event: 169.097 GC heap after
{Heap after GC invocations=78 (full 0):
 garbage-first heap   total 311296K, used 140592K [0x0000000080000000, 0x0000000100000000)
  region size 1024K, 4 young (4096K), 4 survivors (4096K)
 Metaspace       used 114350K, committed 115200K, reserved 1179648K
  class space    used 15349K, committed 15744K, reserved 1048576K
}
Event: 170.493 GC heap before
{Heap before GC invocations=78 (full 0):
 garbage-first heap   total 311296K, used 268592K [0x0000000080000000, 0x0000000100000000)
  region size 1024K, 130 young (133120K), 4 survivors (4096K)
 Metaspace       used 114393K, committed 115200K, reserved 1179648K
  class space    used 15350K, committed 15744K, reserved 1048576K
}
Event: 170.524 GC heap after
{Heap after GC invocations=79 (full 0):
 garbage-first heap   total 311296K, used 142047K [0x0000000080000000, 0x0000000100000000)
  region size 1024K, 5 young (5120K), 5 survivors (5120K)
 Metaspace       used 114393K, committed 115200K, reserved 1179648K
  class space    used 15350K, committed 15744K, reserved 1048576K
}
Event: 171.097 GC heap before
{Heap before GC invocations=79 (full 0):
 garbage-first heap   total 311296K, used 267999K [0x0000000080000000, 0x0000000100000000)
  region size 1024K, 129 young (132096K), 5 survivors (5120K)
 Metaspace       used 114402K, committed 115200K, reserved 1179648K
  class space    used 15352K, committed 15744K, reserved 1048576K
}
Event: 171.104 GC heap after
{Heap after GC invocations=80 (full 0):
 garbage-first heap   total 311296K, used 143100K [0x0000000080000000, 0x0000000100000000)
  region size 1024K, 6 young (6144K), 6 survivors (6144K)
 Metaspace       used 114402K, committed 115200K, reserved 1179648K
  class space    used 15352K, committed 15744K, reserved 1048576K
}
Event: 171.387 GC heap before
{Heap before GC invocations=80 (full 0):
 garbage-first heap   total 311296K, used 268028K [0x0000000080000000, 0x0000000100000000)
  region size 1024K, 129 young (132096K), 6 survivors (6144K)
 Metaspace       used 114407K, committed 115200K, reserved 1179648K
  class space    used 15352K, committed 15744K, reserved 1048576K
}
Event: 171.394 GC heap after
{Heap after GC invocations=81 (full 0):
 garbage-first heap   total 311296K, used 142409K [0x0000000080000000, 0x0000000100000000)
  region size 1024K, 5 young (5120K), 5 survivors (5120K)
 Metaspace       used 114407K, committed 115200K, reserved 1179648K
  class space    used 15352K, committed 15744K, reserved 1048576K
}
Event: 171.630 GC heap before
{Heap before GC invocations=81 (full 0):
 garbage-first heap   total 311296K, used 269385K [0x0000000080000000, 0x0000000100000000)
  region size 1024K, 130 young (133120K), 5 survivors (5120K)
 Metaspace       used 114408K, committed 115200K, reserved 1179648K
  class space    used 15352K, committed 15744K, reserved 1048576K
}
Event: 171.637 GC heap after
{Heap after GC invocations=82 (full 0):
 garbage-first heap   total 311296K, used 142848K [0x0000000080000000, 0x0000000100000000)
  region size 1024K, 6 young (6144K), 6 survivors (6144K)
 Metaspace       used 114408K, committed 115200K, reserved 1179648K
  class space    used 15352K, committed 15744K, reserved 1048576K
}
Event: 171.923 GC heap before
{Heap before GC invocations=82 (full 0):
 garbage-first heap   total 311296K, used 269824K [0x0000000080000000, 0x0000000100000000)
  region size 1024K, 131 young (134144K), 6 survivors (6144K)
 Metaspace       used 114437K, committed 115264K, reserved 1179648K
  class space    used 15352K, committed 15744K, reserved 1048576K
}
Event: 171.929 GC heap after
{Heap after GC invocations=83 (full 0):
 garbage-first heap   total 311296K, used 141630K [0x0000000080000000, 0x0000000100000000)
  region size 1024K, 5 young (5120K), 5 survivors (5120K)
 Metaspace       used 114437K, committed 115264K, reserved 1179648K
  class space    used 15352K, committed 15744K, reserved 1048576K
}
Event: 172.178 GC heap before
{Heap before GC invocations=83 (full 0):
 garbage-first heap   total 311296K, used 271678K [0x0000000080000000, 0x0000000100000000)
  region size 1024K, 131 young (134144K), 5 survivors (5120K)
 Metaspace       used 114446K, committed 115264K, reserved 1179648K
  class space    used 15352K, committed 15744K, reserved 1048576K
}
Event: 172.190 GC heap after
{Heap after GC invocations=84 (full 0):
 garbage-first heap   total 311296K, used 148507K [0x0000000080000000, 0x0000000100000000)
  region size 1024K, 11 young (11264K), 11 survivors (11264K)
 Metaspace       used 114446K, committed 115264K, reserved 1179648K
  class space    used 15352K, committed 15744K, reserved 1048576K
}
Event: 172.376 GC heap before
{Heap before GC invocations=84 (full 0):
 garbage-first heap   total 311296K, used 267291K [0x0000000080000000, 0x0000000100000000)
  region size 1024K, 126 young (129024K), 11 survivors (11264K)
 Metaspace       used 114448K, committed 115264K, reserved 1179648K
  class space    used 15352K, committed 15744K, reserved 1048576K
}
Event: 172.402 GC heap after
{Heap after GC invocations=85 (full 0):
 garbage-first heap   total 373760K, used 150953K [0x0000000080000000, 0x0000000100000000)
  region size 1024K, 9 young (9216K), 9 survivors (9216K)
 Metaspace       used 114448K, committed 115264K, reserved 1179648K
  class space    used 15352K, committed 15744K, reserved 1048576K
}
Event: 173.192 GC heap before
{Heap before GC invocations=85 (full 0):
 garbage-first heap   total 373760K, used 317865K [0x0000000080000000, 0x0000000100000000)
  region size 1024K, 173 young (177152K), 9 survivors (9216K)
 Metaspace       used 114452K, committed 115264K, reserved 1179648K
  class space    used 15352K, committed 15744K, reserved 1048576K
}
Event: 173.201 GC heap after
{Heap after GC invocations=86 (full 0):
 garbage-first heap   total 373760K, used 151588K [0x0000000080000000, 0x0000000100000000)
  region size 1024K, 9 young (9216K), 9 survivors (9216K)
 Metaspace       used 114452K, committed 115264K, reserved 1179648K
  class space    used 15352K, committed 15744K, reserved 1048576K
}

