# JRE version: OpenJDK Runtime Environment (17.0.10) (build 17.0.10+0--11609105)
# Java VM: OpenJDK 64-Bit Server VM (17.0.10+0--11609105, mixed mode, tiered, compressed oops, compressed class ptrs, g1 gc, windows-amd64)
GC Precious Log:
 CPUs: 8 total, 8 available
 Memory: 8043M
 Large Page Support: Disabled
 NUMA Support: Disabled
 Compressed Oops: Enabled (32-bit)
 Heap Region Size: 1M
 Heap Min Capacity: 8M
 Heap Initial Capacity: 126M
 Heap Max Capacity: 2G
 Pre-touch: Disabled
 Parallel Workers: 8
 Concurrent Workers: 2
 Concurrent Refinement Workers: 8
 Periodic GC: Disabled
Heap:
 garbage-first heap   total 450560K, used 267504K [0x0000000080000000, 0x0000000100000000)
  region size 1024K, 15 young (15360K), 4 survivors (4096K)
 Metaspace       used 110402K, committed 111232K, reserved 1179648K
  class space    used 15255K, committed 15680K, reserved 1048576K
GC Heap History (20 events):
Event: 76.857 GC heap before
{Heap before GC invocations=50 (full 0):
 garbage-first heap   total 205824K, used 168046K [0x0000000080000000, 0x0000000100000000)
  region size 1024K, 57 young (58368K), 4 survivors (4096K)
 Metaspace       used 105914K, committed 106688K, reserved 1179648K
  class space    used 14606K, committed 14976K, reserved 1048576K
}
Event: 76.867 GC heap after
{Heap after GC invocations=51 (full 0):
 garbage-first heap   total 205824K, used 117674K [0x0000000080000000, 0x0000000100000000)
  region size 1024K, 6 young (6144K), 6 survivors (6144K)
 Metaspace       used 105914K, committed 106688K, reserved 1179648K
  class space    used 14606K, committed 14976K, reserved 1048576K
}
Event: 77.917 GC heap before
{Heap before GC invocations=51 (full 0):
 garbage-first heap   total 205824K, used 167850K [0x0000000080000000, 0x0000000100000000)
  region size 1024K, 56 young (57344K), 6 survivors (6144K)
 Metaspace       used 105959K, committed 106752K, reserved 1179648K
  class space    used 14610K, committed 14976K, reserved 1048576K
}
Event: 77.925 GC heap after
{Heap after GC invocations=52 (full 0):
 garbage-first heap   total 205824K, used 119124K [0x0000000080000000, 0x0000000100000000)
  region size 1024K, 4 young (4096K), 4 survivors (4096K)
 Metaspace       used 105959K, committed 106752K, reserved 1179648K
  class space    used 14610K, committed 14976K, reserved 1048576K
}
Event: 78.491 GC heap before
{Heap before GC invocations=52 (full 0):
 garbage-first heap   total 205824K, used 169300K [0x0000000080000000, 0x0000000100000000)
  region size 1024K, 54 young (55296K), 4 survivors (4096K)
 Metaspace       used 106003K, committed 106752K, reserved 1179648K
  class space    used 14614K, committed 14976K, reserved 1048576K
}
Event: 78.499 GC heap after
{Heap after GC invocations=53 (full 0):
 garbage-first heap   total 205824K, used 120475K [0x0000000080000000, 0x0000000100000000)
  region size 1024K, 6 young (6144K), 6 survivors (6144K)
 Metaspace       used 106003K, committed 106752K, reserved 1179648K
  class space    used 14614K, committed 14976K, reserved 1048576K
}
Event: 79.158 GC heap before
{Heap before GC invocations=53 (full 0):
 garbage-first heap   total 205824K, used 173723K [0x0000000080000000, 0x0000000100000000)
  region size 1024K, 42 young (43008K), 6 survivors (6144K)
 Metaspace       used 106381K, committed 107200K, reserved 1179648K
  class space    used 14665K, committed 15040K, reserved 1048576K
}
Event: 79.167 GC heap after
{Heap after GC invocations=54 (full 0):
 garbage-first heap   total 205824K, used 144728K [0x0000000080000000, 0x0000000100000000)
  region size 1024K, 7 young (7168K), 7 survivors (7168K)
 Metaspace       used 106381K, committed 107200K, reserved 1179648K
  class space    used 14665K, committed 15040K, reserved 1048576K
}
Event: 79.504 GC heap before
{Heap before GC invocations=54 (full 0):
 garbage-first heap   total 290816K, used 187736K [0x0000000080000000, 0x0000000100000000)
  region size 1024K, 25 young (25600K), 7 survivors (7168K)
 Metaspace       used 106380K, committed 107200K, reserved 1179648K
  class space    used 14665K, committed 15040K, reserved 1048576K
}
Event: 79.512 GC heap after
{Heap after GC invocations=55 (full 0):
 garbage-first heap   total 290816K, used 176298K [0x0000000080000000, 0x0000000100000000)
  region size 1024K, 4 young (4096K), 4 survivors (4096K)
 Metaspace       used 106380K, committed 107200K, reserved 1179648K
  class space    used 14665K, committed 15040K, reserved 1048576K
}
Event: 81.974 GC heap before
{Heap before GC invocations=56 (full 0):
 garbage-first heap   total 290816K, used 243882K [0x0000000080000000, 0x0000000100000000)
  region size 1024K, 66 young (67584K), 4 survivors (4096K)
 Metaspace       used 108307K, committed 109120K, reserved 1179648K
  class space    used 14964K, committed 15360K, reserved 1048576K
}
Event: 82.003 GC heap after
{Heap after GC invocations=57 (full 0):
 garbage-first heap   total 290816K, used 185514K [0x0000000080000000, 0x0000000100000000)
  region size 1024K, 8 young (8192K), 8 survivors (8192K)
 Metaspace       used 108307K, committed 109120K, reserved 1179648K
  class space    used 14964K, committed 15360K, reserved 1048576K
}
Event: 82.203 GC heap before
{Heap before GC invocations=57 (full 0):
 garbage-first heap   total 290816K, used 191658K [0x0000000080000000, 0x0000000100000000)
  region size 1024K, 14 young (14336K), 8 survivors (8192K)
 Metaspace       used 108373K, committed 109184K, reserved 1179648K
  class space    used 14983K, committed 15360K, reserved 1048576K
}
Event: 82.223 GC heap after
{Heap after GC invocations=58 (full 0):
 garbage-first heap   total 290816K, used 182744K [0x0000000080000000, 0x0000000100000000)
  region size 1024K, 2 young (2048K), 2 survivors (2048K)
 Metaspace       used 108373K, committed 109184K, reserved 1179648K
  class space    used 14983K, committed 15360K, reserved 1048576K
}
Event: 84.299 GC heap before
{Heap before GC invocations=58 (full 0):
 garbage-first heap   total 290816K, used 273880K [0x0000000080000000, 0x0000000100000000)
  region size 1024K, 56 young (57344K), 2 survivors (2048K)
 Metaspace       used 109872K, committed 110656K, reserved 1179648K
  class space    used 15179K, committed 15552K, reserved 1048576K
}
Event: 84.317 GC heap after
{Heap after GC invocations=59 (full 0):
 garbage-first heap   total 290816K, used 210863K [0x0000000080000000, 0x0000000100000000)
  region size 1024K, 8 young (8192K), 8 survivors (8192K)
 Metaspace       used 109872K, committed 110656K, reserved 1179648K
  class space    used 15179K, committed 15552K, reserved 1048576K
}
Event: 84.332 GC heap before
{Heap before GC invocations=59 (full 0):
 garbage-first heap   total 290816K, used 214959K [0x0000000080000000, 0x0000000100000000)
  region size 1024K, 9 young (9216K), 8 survivors (8192K)
 Metaspace       used 109872K, committed 110656K, reserved 1179648K
  class space    used 15179K, committed 15552K, reserved 1048576K
}
Event: 84.349 GC heap after
{Heap after GC invocations=60 (full 0):
 garbage-first heap   total 290816K, used 209982K [0x0000000080000000, 0x0000000100000000)
  region size 1024K, 1 young (1024K), 1 survivors (1024K)
 Metaspace       used 109872K, committed 110656K, reserved 1179648K
  class space    used 15179K, committed 15552K, reserved 1048576K
}
Event: 85.184 GC heap before
{Heap before GC invocations=61 (full 0):
 garbage-first heap   total 450560K, used 305214K [0x0000000080000000, 0x0000000100000000)
  region size 1024K, 26 young (26624K), 1 survivors (1024K)
 Metaspace       used 109924K, committed 110720K, reserved 1179648K
  class space    used 15185K, committed 15552K, reserved 1048576K
}
Event: 85.196 GC heap after
{Heap after GC invocations=62 (full 0):
 garbage-first heap   total 450560K, used 244976K [0x0000000080000000, 0x0000000100000000)
  region size 1024K, 4 young (4096K), 4 survivors (4096K)
 Metaspace       used 109924K, committed 110720K, reserved 1179648K
  class space    used 15185K, committed 15552K, reserved 1048576K
}

