# JRE version: Java(TM) SE Runtime Environment (21.0.1+12) (build 21.0.1+12-LTS-29)
# Java VM: Java HotSpot(TM) 64-Bit Server VM (21.0.1+12-LTS-29, mixed mode, sharing, tiered, compressed oops, compressed class ptrs, g1 gc, windows-amd64)
GC Precious Log:
 CardTable entry size: 512
 Card Set container configuration: InlinePtr #cards 5 size 8 Array Of Cards #cards 12 size 40 Howl #buckets 4 coarsen threshold 1843 Howl Bitmap #cards 512 size 80 coarsen threshold 460 Card regions per heap region 1 cards per card region 2048
 CPUs: 8 total, 8 available
 Memory: 8043M
 Large Page Support: Disabled
 NUMA Support: Disabled
 Compressed Oops: Enabled (32-bit)
 Heap Region Size: 1M
 Heap Min Capacity: 8M
 Heap Initial Capacity: 126M
 Heap Max Capacity: 2G
 Pre-touch: Disabled
 Parallel Workers: 8
 Concurrent Workers: 2
 Concurrent Refinement Workers: 8
 Periodic GC: Disabled
Heap:
 garbage-first heap   total 186368K, used 126052K [0x0000000080000000, 0x0000000100000000)
  region size 1024K, 25 young (25600K), 5 survivors (5120K)
 Metaspace       used 94816K, committed 96896K, reserved 1179648K
  class space    used 12977K, committed 14016K, reserved 1048576K
GC Heap History (20 events):
Event: 27.814 GC heap before
{Heap before GC invocations=17 (full 0):
 garbage-first heap   total 90112K, used 82557K [0x0000000080000000, 0x0000000100000000)
  region size 1024K, 35 young (35840K), 2 survivors (2048K)
 Metaspace       used 73267K, committed 75008K, reserved 1114112K
  class space    used 10525K, committed 11392K, reserved 1048576K
}
Event: 27.827 GC heap after
{Heap after GC invocations=18 (full 0):
 garbage-first heap   total 90112K, used 49461K [0x0000000080000000, 0x0000000100000000)
  region size 1024K, 3 young (3072K), 3 survivors (3072K)
 Metaspace       used 73267K, committed 75008K, reserved 1114112K
  class space    used 10525K, committed 11392K, reserved 1048576K
}
Event: 29.352 GC heap before
{Heap before GC invocations=19 (full 0):
 garbage-first heap   total 99328K, used 86325K [0x0000000080000000, 0x0000000100000000)
  region size 1024K, 33 young (33792K), 3 survivors (3072K)
 Metaspace       used 73631K, committed 75456K, reserved 1114112K
  class space    used 10539K, committed 11392K, reserved 1048576K
}
Event: 29.380 GC heap after
{Heap after GC invocations=20 (full 0):
 garbage-first heap   total 100352K, used 65858K [0x0000000080000000, 0x0000000100000000)
  region size 1024K, 5 young (5120K), 5 survivors (5120K)
 Metaspace       used 73631K, committed 75456K, reserved 1114112K
  class space    used 10539K, committed 11392K, reserved 1048576K
}
Event: 29.975 GC heap before
{Heap before GC invocations=20 (full 0):
 garbage-first heap   total 100352K, used 92482K [0x0000000080000000, 0x0000000100000000)
  region size 1024K, 27 young (27648K), 5 survivors (5120K)
 Metaspace       used 73633K, committed 75456K, reserved 1114112K
  class space    used 10539K, committed 11392K, reserved 1048576K
}
Event: 29.994 GC heap after
{Heap after GC invocations=21 (full 0):
 garbage-first heap   total 106496K, used 67412K [0x0000000080000000, 0x0000000100000000)
  region size 1024K, 4 young (4096K), 4 survivors (4096K)
 Metaspace       used 73633K, committed 75456K, reserved 1114112K
  class space    used 10539K, committed 11392K, reserved 1048576K
}
Event: 30.009 GC heap before
{Heap before GC invocations=21 (full 0):
 garbage-first heap   total 106496K, used 68436K [0x0000000080000000, 0x0000000100000000)
  region size 1024K, 6 young (6144K), 4 survivors (4096K)
 Metaspace       used 73633K, committed 75456K, reserved 1114112K
  class space    used 10539K, committed 11392K, reserved 1048576K
}
Event: 30.015 GC heap after
{Heap after GC invocations=22 (full 0):
 garbage-first heap   total 106496K, used 68747K [0x0000000080000000, 0x0000000100000000)
  region size 1024K, 1 young (1024K), 1 survivors (1024K)
 Metaspace       used 73633K, committed 75456K, reserved 1114112K
  class space    used 10539K, committed 11392K, reserved 1048576K
}
Event: 30.348 GC heap before
{Heap before GC invocations=23 (full 0):
 garbage-first heap   total 128000K, used 96395K [0x0000000080000000, 0x0000000100000000)
  region size 1024K, 23 young (23552K), 1 survivors (1024K)
 Metaspace       used 73636K, committed 75456K, reserved 1114112K
  class space    used 10540K, committed 11392K, reserved 1048576K
}
Event: 30.357 GC heap after
{Heap after GC invocations=24 (full 0):
 garbage-first heap   total 128000K, used 77473K [0x0000000080000000, 0x0000000100000000)
  region size 1024K, 3 young (3072K), 3 survivors (3072K)
 Metaspace       used 73636K, committed 75456K, reserved 1114112K
  class space    used 10540K, committed 11392K, reserved 1048576K
}
Event: 30.891 GC heap before
{Heap before GC invocations=24 (full 0):
 garbage-first heap   total 128000K, used 109217K [0x0000000080000000, 0x0000000100000000)
  region size 1024K, 33 young (33792K), 3 survivors (3072K)
 Metaspace       used 74463K, committed 76224K, reserved 1114112K
  class space    used 10640K, committed 11520K, reserved 1048576K
}
Event: 30.902 GC heap after
{Heap after GC invocations=25 (full 0):
 garbage-first heap   total 162816K, used 78451K [0x0000000080000000, 0x0000000100000000)
  region size 1024K, 5 young (5120K), 5 survivors (5120K)
 Metaspace       used 74463K, committed 76224K, reserved 1114112K
  class space    used 10640K, committed 11520K, reserved 1048576K
}
Event: 31.544 GC heap before
{Heap before GC invocations=25 (full 0):
 garbage-first heap   total 162816K, used 102003K [0x0000000080000000, 0x0000000100000000)
  region size 1024K, 29 young (29696K), 5 survivors (5120K)
 Metaspace       used 77852K, committed 79616K, reserved 1179648K
  class space    used 11025K, committed 11904K, reserved 1048576K
}
Event: 31.553 GC heap after
{Heap after GC invocations=26 (full 0):
 garbage-first heap   total 162816K, used 80544K [0x0000000080000000, 0x0000000100000000)
  region size 1024K, 5 young (5120K), 5 survivors (5120K)
 Metaspace       used 77852K, committed 79616K, reserved 1179648K
  class space    used 11025K, committed 11904K, reserved 1048576K
}
Event: 33.001 GC heap before
{Heap before GC invocations=27 (full 0):
 garbage-first heap   total 162816K, used 151200K [0x0000000080000000, 0x0000000100000000)
  region size 1024K, 57 young (58368K), 5 survivors (5120K)
 Metaspace       used 82068K, committed 83840K, reserved 1179648K
  class space    used 11417K, committed 12288K, reserved 1048576K
}
Event: 33.010 GC heap after
{Heap after GC invocations=28 (full 0):
 garbage-first heap   total 163840K, used 102946K [0x0000000080000000, 0x0000000100000000)
  region size 1024K, 8 young (8192K), 8 survivors (8192K)
 Metaspace       used 82068K, committed 83840K, reserved 1179648K
  class space    used 11417K, committed 12288K, reserved 1048576K
}
Event: 34.251 GC heap before
{Heap before GC invocations=28 (full 0):
 garbage-first heap   total 163840K, used 143906K [0x0000000080000000, 0x0000000100000000)
  region size 1024K, 48 young (49152K), 8 survivors (8192K)
 Metaspace       used 87106K, committed 89216K, reserved 1179648K
  class space    used 12034K, committed 13120K, reserved 1048576K
}
Event: 34.260 GC heap after
{Heap after GC invocations=29 (full 0):
 garbage-first heap   total 163840K, used 104745K [0x0000000080000000, 0x0000000100000000)
  region size 1024K, 3 young (3072K), 3 survivors (3072K)
 Metaspace       used 87106K, committed 89216K, reserved 1179648K
  class space    used 12034K, committed 13120K, reserved 1048576K
}
Event: 35.681 GC heap before
{Heap before GC invocations=29 (full 0):
 garbage-first heap   total 163840K, used 145705K [0x0000000080000000, 0x0000000100000000)
  region size 1024K, 43 young (44032K), 3 survivors (3072K)
 Metaspace       used 92298K, committed 94464K, reserved 1179648K
  class space    used 12638K, committed 13696K, reserved 1048576K
}
Event: 35.691 GC heap after
{Heap after GC invocations=30 (full 0):
 garbage-first heap   total 163840K, used 106596K [0x0000000080000000, 0x0000000100000000)
  region size 1024K, 5 young (5120K), 5 survivors (5120K)
 Metaspace       used 92298K, committed 94464K, reserved 1179648K
  class space    used 12638K, committed 13696K, reserved 1048576K
}

